0 info it worked if it ends with ok
1 verbose cli [ 'C:\\WampDeveloper\\Tools\\NodeJS\\node.exe',
1 verbose cli   'C:\\WampDeveloper\\Tools\\NodeJS\\node_modules\\npm\\bin\\npm-cli.js',
1 verbose cli   'bugs',
1 verbose cli   'todo-api' ]
2 info using npm@2.11.3
3 info using node@v0.12.7
4 silly mapToRegistry name todo-api
5 silly mapToRegistry using default registry
6 silly mapToRegistry registry https://registry.npmjs.org/
7 silly mapToRegistry uri https://registry.npmjs.org/todo-api
8 verbose request uri https://registry.npmjs.org/todo-api/latest
9 verbose request no auth needed
10 info attempt registry request try #1 at 12:04:58 PM
11 verbose request id 1b3e6278f63add4c
12 http request GET https://registry.npmjs.org/todo-api/latest
13 http 404 https://registry.npmjs.org/todo-api/latest
14 verbose headers { server: 'CouchDB/1.5.0 (Erlang OTP/R16B03)',
14 verbose headers   'content-type': 'application/json',
14 verbose headers   'cache-control': 'max-age=0',
14 verbose headers   'content-length': '51',
14 verbose headers   'accept-ranges': 'bytes',
14 verbose headers   date: 'Sun, 18 Dec 2016 17:04:55 GMT',
14 verbose headers   via: '1.1 varnish',
14 verbose headers   age: '0',
14 verbose headers   connection: 'keep-alive',
14 verbose headers   'x-served-by': 'cache-dfw1838-DFW',
14 verbose headers   'x-cache': 'MISS',
14 verbose headers   'x-cache-hits': '0',
14 verbose headers   'x-timer': 'S1482080695.668394,VS0,VE151' }
15 silly get cb [ 404,
15 silly get   { server: 'CouchDB/1.5.0 (Erlang OTP/R16B03)',
15 silly get     'content-type': 'application/json',
15 silly get     'cache-control': 'max-age=0',
15 silly get     'content-length': '51',
15 silly get     'accept-ranges': 'bytes',
15 silly get     date: 'Sun, 18 Dec 2016 17:04:55 GMT',
15 silly get     via: '1.1 varnish',
15 silly get     age: '0',
15 silly get     connection: 'keep-alive',
15 silly get     'x-served-by': 'cache-dfw1838-DFW',
15 silly get     'x-cache': 'MISS',
15 silly get     'x-cache-hits': '0',
15 silly get     'x-timer': 'S1482080695.668394,VS0,VE151' } ]
16 verbose stack Error: 404 Not Found: todo-api
16 verbose stack     at CachingRegistryClient.<anonymous> (C:\WampDeveloper\Tools\NodeJS\node_modules\npm\node_modules\npm-registry-client\lib\request.js:245:14)
16 verbose stack     at Request._callback (C:\WampDeveloper\Tools\NodeJS\node_modules\npm\node_modules\npm-registry-client\lib\request.js:170:14)
16 verbose stack     at Request.self.callback (C:\WampDeveloper\Tools\NodeJS\node_modules\npm\node_modules\request\request.js:354:22)
16 verbose stack     at Request.emit (events.js:110:17)
16 verbose stack     at Request.<anonymous> (C:\WampDeveloper\Tools\NodeJS\node_modules\npm\node_modules\request\request.js:1207:14)
16 verbose stack     at Request.emit (events.js:129:20)
16 verbose stack     at IncomingMessage.<anonymous> (C:\WampDeveloper\Tools\NodeJS\node_modules\npm\node_modules\request\request.js:1153:12)
16 verbose stack     at IncomingMessage.emit (events.js:129:20)
16 verbose stack     at _stream_readable.js:908:16
16 verbose stack     at process._tickCallback (node.js:355:11)
17 verbose statusCode 404
18 verbose pkgid todo-api
19 verbose cwd C:\Users\markl_000\desktop\udemy_node\todo-api
20 error Windows_NT 6.3.9600
21 error argv "C:\\WampDeveloper\\Tools\\NodeJS\\node.exe" "C:\\WampDeveloper\\Tools\\NodeJS\\node_modules\\npm\\bin\\npm-cli.js" "bugs" "todo-api"
22 error node v0.12.7
23 error npm  v2.11.3
24 error code E404
25 error 404 Not Found: todo-api
25 error 404
25 error 404 'todo-api' is not in the npm registry.
25 error 404 You should bug the author to publish it (or use the name yourself!)
25 error 404
25 error 404 Note that you can also install from a
25 error 404 tarball, folder, http url, or git url.
26 verbose exit [ 1, true ]
